#
# A fatal error has been detected by the Java Runtime Environment:
#
#  EXCEPTION_ACCESS_VIOLATION (0xc0000005) at pc=0x0000000066b44d85, pid=8320, tid=1168
#
# JRE version: Java(TM) SE Runtime Environment (7.0_67-b01) (build 1.7.0_67-b01)
# Java VM: Java HotSpot(TM) 64-Bit Server VM (24.65-b04 mixed mode windows-amd64 compressed oops)
# Problematic frame:
# V  [jvm.dll+0x94d85]
#
# Failed to write core dump. Minidumps are not enabled by default on client versions of Windows
#
# If you would like to submit a bug report, please visit:
#   http://bugreport.sun.com/bugreport/crash.jsp
#

---------------  T H R E A D  ---------------

Current thread (0x0000000001db0800):  JavaThread "main" [_thread_in_vm, id=1168, stack(0x0000000001c10000,0x0000000001d10000)]

siginfo: ExceptionCode=0xc0000005, reading address 0x0000000680000000

Registers:
RAX=0x000000077ffffebb, RBX=0x0000000000000033, RCX=0x0000000001d0d2e0, RDX=0xffffffff00000145
RSP=0x0000000001d0d2b8, RBP=0x0000000001d0d2f0, RSI=0x0000000000000500, RDI=0x000000000000004e
R8 =0x000000007ffffebb, R9 =0x000000007ffffebb, R10=0x0000000000000033, R11=0x000000077ffffebb
R12=0x0000000001db0c90, R13=0x0000000000000032, R14=0x00000007800ae168, R15=0x0000000001db1028
RIP=0x0000000066b44d85, EFLAGS=0x0000000000010292

Top of Stack: (sp=0x0000000001d0d2b8)
0x0000000001d0d2b8:   0000000066bbb434 00000000000003d8
0x0000000001d0d2c8:   00000000000004f0 00000007800ae248
0x0000000001d0d2d8:   0000000001d0d2f0 000000077ffffebb
0x0000000001d0d2e8:   00000000000000aa 0000000001db0c50
0x0000000001d0d2f8:   0000000001d0d3a0 0000000001db0c40
0x0000000001d0d308:   0000000001db0c90 0000000001da8220
0x0000000001d0d318:   00000007800ae238 00000007800ae168
0x0000000001d0d328:   0000000066bbac2c 00000007800ae168
0x0000000001d0d338:   0000000000000000 0000000001d0d3a0
0x0000000001d0d348:   000000007f000000 0000000000000c28
0x0000000001d0d358:   0000000000000002 0000000000000001
0x0000000001d0d368:   0000000001db0c40 0000000000000bb8
0x0000000001d0d378:   0000000066bbae83 00000000000003d8
0x0000000001d0d388:   00000007800ae168 0000000001da8220
0x0000000001d0d398:   0000000000000018 0000000001db10c0
0x0000000001d0d3a8:   0000024000000033 000000aa0000033f 

Instructions: (pc=0x0000000066b44d85)
0x0000000066b44d65:   cc cc cc cc cc cc cc cc cc cc cc 4c 63 01 41 8d
0x0000000066b44d75:   44 90 10 48 63 d0 48 8b 01 48 83 e2 fc 49 2b d0
0x0000000066b44d85:   8b 0c 02 0f b6 c1 89 4c 24 10 0f b6 4c 24 11 c1
0x0000000066b44d95:   e0 08 0b c1 0f b6 4c 24 12 c1 e0 08 0b c1 0f b6 


Register to memory mapping:

RAX=0x000000077ffffebb is pointing into object: 0x000000077ffffe48
{constMethod} 
 - klass: {other class}
 - constants:       0x000000077fffd068 constant pool [504] for 'com/sun/tools/javac/parser/Scanner' cache=0x00000007800912f8
 - stackmap data:       [B
bci_from(000000077FFFFEBB) = 51; print_codes():
RBX=0x0000000000000033 is an unknown value
RCX=0x0000000001d0d2e0 is pointing into the stack for thread: 0x0000000001db0800
RDX=0xffffffff00000145 is an unknown value
RSP=0x0000000001d0d2b8 is pointing into the stack for thread: 0x0000000001db0800
RBP=0x0000000001d0d2f0 is pointing into the stack for thread: 0x0000000001db0800
RSI=0x0000000000000500 is an unknown value
RDI=0x000000000000004e is an unknown value
R8 =0x000000007ffffebb is an unknown value
R9 =0x000000007ffffebb is an unknown value
R10=0x0000000000000033 is an unknown value
R11=0x000000077ffffebb is pointing into object: 0x000000077ffffe48
{constMethod} 
 - klass: {other class}
 - constants:       0x000000077fffd068 constant pool [504] for 'com/sun/tools/javac/parser/Scanner' cache=0x00000007800912f8
 - stackmap data:       [B
bci_from(000000077FFFFEBB) = 51; print_codes():
R12=0x0000000001db0c90 is an unknown value
R13=0x0000000000000032 is an unknown value
R14=