2015-05-17 22:23:48,929 - Initializing Velocity, Calling init()...
2015-05-17 22:23:48,929 - Starting Apache Velocity v1.7 (compiled: 2010-11-19 12:14:37)
2015-05-17 22:23:48,929 - Default Properties File: org\apache\velocity\runtime\defaults\velocity.properties
2015-05-17 22:23:48,929 - Trying to use logger class org.apache.velocity.runtime.log.AvalonLogChute
2015-05-17 22:23:48,929 - Target log system for org.apache.velocity.runtime.log.AvalonLogChute is not available (java.lang.NoClassDefFoundError: org/apache/log/format/Formatter).  Falling back to next log system...
2015-05-17 22:23:48,929 - Trying to use logger class org.apache.velocity.runtime.log.Log4JLogChute
2015-05-17 22:23:48,929 - Using logger class org.apache.velocity.runtime.log.Log4JLogChute
2015-05-17 22:23:48,929 - ResourceLoader instantiated: org.apache.velocity.runtime.resource.loader.ClasspathResourceLoader
2015-05-17 22:23:48,945 - ResourceCache: initialized (class org.apache.velocity.runtime.resource.ResourceCacheImpl) with class java.util.Collections$SynchronizedMap cache map.
2015-05-17 22:23:48,945 - Loaded System Directive: org.apache.velocity.runtime.directive.Stop
2015-05-17 22:23:48,945 - Loaded System Directive: org.apache.velocity.runtime.directive.Define
2015-05-17 22:23:48,945 - Loaded System Directive: org.apache.velocity.runtime.directive.Break
2015-05-17 22:23:48,945 - Loaded System Directive: org.apache.velocity.runtime.directive.Evaluate
2015-05-17 22:23:48,945 - Loaded System Directive: org.apache.velocity.runtime.directive.Literal
2015-05-17 22:23:48,945 - Loaded System Directive: org.apache.velocity.runtime.directive.Macro
2015-05-17 22:23:48,945 - Loaded System Directive: org.apache.velocity.runtime.directive.Parse
2015-05-17 22:23:48,945 - Loaded System Directive: org.apache.velocity.runtime.directive.Include
2015-05-17 22:23:48,945 - Loaded System Directive: org.apache.velocity.runtime.directive.Foreach
2015-05-17 22:23:48,976 - Created '20' parsers.
2015-05-17 22:23:48,976 - Velocimacro : "velocimacro.library" is not set.  Trying default library: VM_global_library.vm
2015-05-17 22:23:48,976 - Could not load resource 'VM_global_library.vm' from ResourceLoader org.apache.velocity.runtime.resource.loader.ClasspathResourceLoader: ClasspathResourceLoader Error: cannot find resource VM_global_library.vm
2015-05-17 22:23:48,976 - Velocimacro : Default library not found.
2015-05-17 22:23:48,976 - Velocimacro : allowInline = true : VMs can be defined inline in templates
2015-05-17 22:23:48,976 - Velocimacro : allowInlineToOverride = false : VMs defined inline may NOT replace previous VM definitions
2015-05-17 22:23:48,976 - Velocimacro : allowInlineLocal = false : VMs defined inline will be global in scope if allowed.
2015-05-17 22:23:48,976 - Velocimacro : autoload off : VM system will not automatically reload global library macros
2015-05-17 22:23:48,992 - ResourceManager : found ec/com/gesso/domain/resource/velocity/notifier.vm with loader org.apache.velocity.runtime.resource.loader.ClasspathResourceLoader
2015-05-17 22:23:49,039 - Log4JLogChute initialized using file 'velocity.log'
2015-05-17 22:23:49,039 - Initializing Velocity, Calling init()...
2015-05-17 22:23:49,039 - Starting Apache Velocity v1.7 (compiled: 2010-11-19 12:14:37)
2015-05-17 22:23:49,039 - Default Properties File: org\apache\velocity\runtime\defaults\velocity.properties
2015-05-17 22:23:49,039 - Trying to use logger class org.apache.velocity.runtime.log.AvalonLogChute
2015-05-17 22:23:49,039 - Target log system for org.apache.velocity.runtime.log.AvalonLogChute is not available (java.lang.NoClassDefFoundError: org/apache/log/format/Formatter).  Falling back to next log system...
2015-05-17 22:23:49,039 - Trying to use logger class org.apache.velocity.runtime.log.Log4JLogChute
2015-05-17 22:23:49,039 - Using logger class org.apache.velocity.runtime.log.Log4JLogChute
2015-05-17 22:23:49,039 - ResourceLoader instantiated: org.apache.velocity.runtime.resource.loader.ClasspathResourceLoader
2015-05-17 22:23:49,039 - ResourceCache: initialized (class org.apache.velocity.runtime.resource.ResourceCacheImpl) with class java.util.Collections$SynchronizedMap cache map.
2015-05-17 22:23:49,039 - Loaded System Directive: org.apache.velocity.runtime.directive.Stop
2015-05-17 22:23:49,039 - Loaded System Directive: org.apache.velocity.runtime.directive.Define
2015-05-17 22:23:49,039 - Loaded System Directive: org.apache.velocity.runtime.directive.Break
2015-05-17 22:23:49,039 - Loaded System Directive: org.apache.velocity.runtime.directive.Evaluate
2015-05-17 22:23:49,039 - Loaded System Directive: org.apache.velocity.runtime.directive.Literal
2015-05-17 22:23:49,039 - Loaded System Directive: org.apache.velocity.runtime.directive.Macro
2015-05-17 22:23:49,039 - Loaded System Directive: org.apache.velocity.runtime.directive.Parse
2015-05-17 22:23:49,039 - Loaded System Directive: org.apache.velocity.runtime.directive.Include
2015-05-17 22:23:49,039 - Loaded System Directive: org.apache.velocity.runtime.directive.Foreach
2015-05-17 22:23:49,039 - Created '20' parsers.
2015-05-17 22:23:49,039 - Velocimacro : "velocimacro.library" is not set.  Trying default library: VM_global_library.vm
2015-05-17 22:23:49,039 - Could not load resource 'VM_global_library.vm' from ResourceLoader org.apache.velocity.runtime.resource.loader.ClasspathResourceLoader: ClasspathResourceLoader Error: cannot find resource VM_global_library.vm
2015-05-17 22:23:49,039 - Velocimacro : Default library not found.
2015-05-17 22:23:49,039 - Velocimacro : allowInline = true : VMs can be defined inline in templates
2015-05-17 22:23:49,039 - Velocimacro : allowInlineToOverride = false : VMs defined inline may NOT replace previous VM definitions
2015-05-17 22:23:49,039 - Velocimacro : allowInlineLocal = false : VMs defined inline will be global in scope if allowed.
2015-05-17 22:23:49,039 - Velocimacro : autoload off : VM system will not automatically reload global library macros
2015-05-17 22:23:49,039 - ResourceManager : found ec/com/gesso/domain/resource/velocity/notifier.vm with loader org.apache.velocity.runtime.resource.loader.ClasspathResourceLoader
m will not automatically reload global library macros
2015-05-17 22:23:49,039 - ResourceManager : found ec/com/gesso/domain/resource/velocity/notifier.vm with loader org.apache.velocity.runtime.resource.loader.ClasspathResourceLoader
2015-05-17 22:23:55,214 - Log4JLogChute initialized using file 'velocity.log'
2015-05-17 22:23:55,214 - Initializing Velocity, Calling init()...
2015-05-17 22:23:55,215 - Starting Apache Velocity v1.7 (compiled: 2010-11-19 12:14:37)
2015-05-17 22:23:55,215 - Default Properties File: org\apache\velocity\runtime\defaults\velocity.properties
2015-05-17 22:23:55,215 - Trying to use logger class org.apache.velocity.runtime.log.AvalonLogChute
2015-05-17 22:23:55,215 - Target log system for org.apache.velocity.runtime.log.AvalonLogChute is not available (java.lang.NoClassDefFoundError: org/apache/log/format/Formatter).  Falling back to next log system...
2015-05-17 22:23:55,215 - Trying to use logger class org.apache.velocity.runtime.log.Log4JLogChute
2015-05-17 22:23:55,215 - Using logger class org.apache.velocity.runtime.log.Log4JLogChute
2015-05-17 22:23:55,215 - ResourceLoader instantiated: org.apache.velocity.runtime.resource.loader.ClasspathResourceLoader
2015-05-17 22:23:55,215 - ResourceCache: initialized (class org.apache.velocity.runtime.resource.ResourceCacheImpl) with class java.util.Collections$SynchronizedMap cache map.
2015-05-17 22:23:55,215 - Loaded System Directive: org.apache.velocity.runtime.directive.Stop
2015-05-17 22:23:55,215 - Loaded System Directive: org.apache.velocity.runtime.directive.Define
2015-05-17 22:23:55,215 - Loaded System Directive: org.apache.velocity.runtime.directive.Break
2015-05-17 22:23:55,215 - Loaded System Directive: org.apache.velocity.runtime.directive.Evaluate
2015-05-17 22:23:55,215 - Loaded System Directive: org.apache.velocity.runtime.directive.Literal
2015-05-17 22:23:55,215 - Loaded System Directive: org.apache.velocity.runtime.directive.Macro
2015-05-17 22:23:55,215 - Loaded System Directive: org.apache.velocity.runtime.directive.Parse
2015-05-17 22:23:55,216 - Loaded System Directive: org.apache.velocity.runtime.directive.Include
2015-05-17 22:23:55,216 - Loaded System Directive: org.apache.velocity.runtime.directive.Foreach
2015-05-17 22:23:55,216 - Created '20' parsers.
2015-05-17 22:23:55,217 - Velocimacro : "velocimacro.library" is not set.  Trying default library: VM_global_library.vm
2015-05-17 22:23:55,217 - Could not load resource 'VM_global_library.vm' from ResourceLoader org.apache.velocity.runtime.resource.loader.ClasspathResourceLoader: ClasspathResourceLoader Error: cannot find resource VM_global_library.vm
2015-05-17 22:23:55,217 - Velocimacro : Default library not found.
2015-05-17 22:23:55,217 - Velocimacro : allowInline = true : VMs can be defined inline in templates
2015-05-17 22:23:55,217 - Velocimacro : allowInlineToOverride = false : VMs defined inline may NOT replace previous VM definitions
2015-05-17 22:23:55,217 - Velocimacro : allowInlineLocal = false : VMs defined inline will be global in scope if allowed.
2015-05-17 22:23:55,217 - Velocimacro : autoload off : VM system will not automatically reload global library macros
2015-05-17 22:23:55,219 - ResourceManager : found ec/com/gesso/domain/resource/velocity/notifier.vm with loader org.apache.velocity.runtime.resource.loader.ClasspathResourceLoader
2015-05-17 22:23:55,223 - Log4JLogChute initialized using file 'velocity.log'
2015-05-17 22:23:55,223 - Log4JLogChute initialized using file 'velocity.log'
2015-05-17 22:23:55,223 - Initializing Velocity, Calling init()...
2015-05-17 22:23:55,223 - Initializing Velocity, Calling init()...
2015-05-17 22:23:55,223 - Starting Apache Velocity v1.7 (compiled: 2010-11-19 12:14:37)
2015-05-17 22:23:55,223 - Starting Apache Velocity v1.7 (compiled: 2010-11-19 12:14:37)
2015-05-17 22:23:55,223 - Default Properties File: org\apache\velocity\runtime\defaults\velocity.properties
2015-05-17 22:23:55,223 - Default Properties File: org\apache\velocity\runtime\defaults\velocity.properties
2015-05-17 22:23:55,223 - Trying to use logger class org.apache.velocity.runtime.log.AvalonLogChute
2015-05-17 22:23:55,223 - Trying to use logger class org.apache.velocity.runtime.log.AvalonLogChute
2015-05-17 22:23:55,223 - Target log system for org.apache.velocity.runtime.log.AvalonLogChute is not available (java.lang.NoClassDefFoundError: org/apache/log/format/Formatter).  Falling back to next log system...
2015-05-17 22:23:55,223 - Target log system for org.apache.velocity.runtime.log.AvalonLogChute is not available (java.lang.NoClassDefFoundError: org/apache/log/format/Formatter).  Falling back to next log system...
2015-05-17 22:23:55,223 - Trying to use logger class org.apache.velocity.runtime.log.Log4JLogChute
2015-05-17 22:23:55,223 - Trying to use logger class org.apache.velocity.runtime.log.Log4JLogChute
2015-05-17 22:23:55,223 - Using logger class org.apache.velocity.runtime.log.Log4JLogChute
2015-05-17 22:23:55,223 - Using logger class org.apache.velocity.runtime.log.Log4JLogChute
2015-05-17 22:23:55,223 - ResourceLoader instantiated: org.apache.velocity.runtime.resource.loader.ClasspathResourceLoader
2015-05-17 22:23:55,223 - ResourceLoader instantiated: org.apache.velocity.runtime.resource.loader.ClasspathResourceLoader
2015-05-17 22:23:55,223 - ResourceCache: initialized (class org.apache.velocity.runtime.resource.ResourceCacheImpl) with class java.util.Collections$SynchronizedMap cache map.
2015-05-17 22:23:55,223 - ResourceCache: initialized (class org.apache.velocity.runtime.resource.ResourceCacheImpl) with class java.util.Collections$SynchronizedMap cache map.
2015-05-17 22:23:55,224 - Loaded System Directive: org.apache.velocity.runtime.directive.Stop
2015-05-17 22:23:55,224 - Loaded System Directive: org.apache.velocity.runtime.directive.Stop
2015-05-17 22:23:55,224 - Loaded System Directive: org.apache.velocity.runtime.directive.Define
2015-05-17 22:23:55,224 - Loaded System Directive: org.apache.velocity.runtime.directive.Define
2015-05-17 22:23:55,224 - Loaded System Directive: org.apache.velocity.runtime.directive.Break
2015-05-17 22:23:55,224 - Loaded System Directive: org.apache.velocity.runtime.directive.Break
2015-05-17 22:23:55,224 - Loaded System Directive: org.apache.velocity.runtime.directive.Evaluate
2015-05-17 22:23:55,224 - Loaded System Directive: org.apache.velocity.runtime.directive.Evaluate
2015-05-17 22:23:55,224 - Loaded System Directive: org.apache.velocity.runtime.directive.Literal
2015-05-17 22:23:55,224 - Loaded System Directive: org.apache.velocity.runtime.directive.Literal
2015-05-17 22:23:55,224 - Loaded System Directive: org.apache.velocity.runtime.directive.Macro
2015-05-17 22:23:55,224 - Loaded System Directive: org.apache.velocity.runtime.directive.Macro
2015-05-17 22:23:55,224 - Loaded System Directive: org.apache.velocity.runtime.directive.Parse
2015-05-17 22:23:55,224 - Loaded System Directive: org.apache.velocity.runtime.directive.Parse
2015-05-17 22:23:55,224 - Loaded System Directive: org.apache.velocity.runtime.directive.Include
2015-05-17 22:23:55,224 - Loaded System Directive: org.apache.velocity.runtime.directive.Include
2015-05-17 22:23:55,224 - Loaded System Directive: org.apache.velocity.runtime.directive.Foreach
2015-05-17 22:23:55,224 - Loaded System Directive: org.apache.velocity.runtime.directive.Foreach
2015-05-17 22:23:55,225 - Created '20' parsers.
2015-05-17 22:23:55,225 - Created '20' parsers.
2015-05-17 22:23:55,225 - Velocimacro : "velocimacro.library" is not set.  Trying default library: VM_global_library.vm
2015-05-17 22:23:55,225 - Velocimacro : "velocimacro.library" is not set.  Trying default library: VM_global_library.vm
2015-05-17 22:23:55,226 - Could not load resource 'VM_global_library.vm' from ResourceLoader org.apache.velocity.runtime.resource.loader.ClasspathResourceLoader: ClasspathResourceLoader Error: cannot find resource VM_global_library.vm
2015-05-17 22:23:55,226 - Could not load resource 'VM_global_library.vm' from ResourceLoader org.apache.velocity.runtime.resource.loader.ClasspathResourceLoader: ClasspathResourceLoader Error: cannot find resource VM_global_library.vm
2015-05-17 22:23:55,226 - Velocimacro : Default library not found.
2015-05-17 22:23:55,226 - Velocimacro : Default library not found.
2015-05-17 22:23:55,226 - Velocimacro : allowInline = true : VMs can be defined inline in templates
2015-05-17 22:23:55,226 - Velocimacro : allowInline = true : VMs can be defined inline in templates
2015-05-17 22:23:55,226 - Velocimacro : allowInlineToOverride = false : VMs defined inline may NOT replace previous VM definitions
2015-05-17 22:23:55,226 - Velocimacro : allowInlineToOverride = false : VMs defined inline may NOT replace previous VM definitions
2015-05-17 22:23:55,226 - Velocimacro : allowInlineLocal = false : VMs defined inline will be global in scope if allowed.
2015-05-17 22:23:55,226 - Velocimacro : allowInlineLocal = false : VMs defined inline will be global in scope if allowed.
2015-05-17 22:23:55,226 - Velocimacro : autoload off : VM system will not automatically reload global library macros
2015-05-17 22:23:55,226 - Velocimacro : autoload off : VM system will not automatically reload global library macros
2015-05-17 22:23:55,228 - ResourceManager : found ec/com/gesso/domain/resource/velocity/notifier.vm with loader org.apache.velocity.runtime.resource.loader.ClasspathResourceLoader
2015-05-17 22:23:55,228 - ResourceManager : found ec/com/gesso/domain/resource/velocity/notifier.vm with loader org.apache.velocity.runtime.resource.loader.ClasspathResourceLoader
2015-05-17 22:24:03,739 - Log4JLogChute initialized using file 'velocity.log'
2015-05-17 22:24:03,739 - Log4JLogChute initialized using file 'velocity.log'
2015-05-17 22:24:03,739 - Log4JLogChute initialized using file 'velocity.log'
2015-05-17 22:24:03,739 - Initializing Velocity, Calling init()...
2015-05-17 22:24:03,739 - Initializing Velocity, Calling init()...
2015-05-17 22:24:03,739 - Initializing Velocity, Calling init()...
2015-05-17 22:24:03,739 - Starting Apache Velocity v1.7 (compiled: 2010-11-19 12:14:37)
2015-05-17 22:24:03,739 - Starting Apache Velocity v1.7 (compiled: 2010-11-19 12:14:37)
2015-05-17 22:24:03,739 - Starting Apache Velocity v1.7 (compiled: 2010-11-19 12:14:37)
2015-05-17 22:24:03,739 - Default Properties File: org\apache\velocity\runtime\defaults\velocity.properties
2015-05-17 22:24:03,739 - Default Properties File: org\apache\velocity\runtime\defaults\velocity.properties
2015-05-17 22:24:03,739 - Default Properties File: org\apache\velocity\runtime\defaults\velocity.properties
2015-05-17 22:24:03,739 - Trying to use logger class org.apache.velocity.runtime.log.AvalonLogChute
2015-05-17 22:24:03,739 - Trying to use logger class org.apache.velocity.runtime.log.AvalonLogChute
2015-05-17 22:24:03,739 - Trying to use logger class org.apache.velocity.runtime.log.AvalonLogChute
2015-05-17 22:24:03,739 - Target log system for org.apache.velocity.runtime.log.AvalonLogChute is not available (java.lang.NoClassDefFoundError: org/apache/log/format/Formatter).  Falling back to next log system...
2015-05-17 22:24:03,739 - Target log system for org.apache.velocity.runtime.log.AvalonLogChute is not available (java.lang.NoClassDefFoundError: org/apache/log/format/Formatter).  Falling back to next log system...
2015-05-17 22:24:03,739 - Target log system for org.apache.velocity.runtime.log.AvalonLogChute is not available (java.lang.NoClassDefFoundError: org/apache/log/format/Formatter).  Falling back to next log system...
2015-05-17 22:24:03,739 - Trying to use logger class org.apache.velocity.runtime.log.Log4JLogChute
2015-05-17 22:24:03,739 - Trying to use logger class org.apache.velocity.runtime.log.Log4JLogChute
2015-05-17 22:24:03,739 - Trying to use logger class org.apache.velocity.runtime.log.Log4JLogChute
2015-05-17 22:24:03,739 - Using logger class org.apache.velocity.runtime.log.Log4JLogChute
2015-05-17 22:24:03,739 - Using logger class org.apache.velocity.runtime.log.Log4JLogChute
2015-05-17 22:24:03,739 - Using logger class org.apache.velocity.runtime.log.Log4JLogChute
2015-05-17 22:24:03,739 - ResourceLoader instantiated: org.apache.velocity.runtime.resource.loader.ClasspathResourceLoader
2015-05-17 22:24:03,739 - ResourceLoader instantiated: org.apache.velocity.runtime.resource.loader.ClasspathResourceLoader
2015-05-17 22:24:03,739 - ResourceLoader instantiated: org.apache.velocity.runtime.resource.loader.ClasspathResourceLoader
2015-05-17 22:24:03,740 - ResourceCache: initialized (class org.apache.velocity.runtime.resource.ResourceCacheImpl) with class java.util.Collections$SynchronizedMap cache map.
2015-05-17 22:24:03,740 - ResourceCache: initialized (class org.apache.velocity.runtime.resource.ResourceCacheImpl) with class java.util.Collections$SynchronizedMap cache map.
2015-05-17 22:24:03,740 - ResourceCache: initialized (class org.apache.velocity.runtime.resource.ResourceCacheImpl) with class java.util.Collections$SynchronizedMap cache map.
2015-05-17 22:24:03,740 - Loaded System Directive: org.apache.velocity.runtime.directive.Stop
2015-05-17 22:24:03,740 - Loaded System Directive: org.apache.velocity.runtime.directive.Stop
2015-05-17 22:24:03,740 - Loaded System Directive: org.apache.velocity.runtime.directive.Stop
2015-05-17 22:24:03,740 - Loaded System Directive: org.apache.velocity.runtime.directive.Define
2015-05-17 22:24:03,740 - Loaded System Directive: org.apache.velocity.runtime.directive.Define
2015-05-17 22:24:03,740 - Loaded System Directive: org.apache.velocity.runtime.directive.Define
2015-05-17 22:24:03,740 - Loaded System Directive: org.apache.velocity.runtime.directive.Break
2015-05-17 22:24:03,740 - Loaded System Directive: org.apache.velocity.runtime.directive.Break
2015-05-17 22:24:03,740 - Loaded System Directive: org.apache.velocity.runtime.directive.Break
2015-05-17 22:24:03,740 - Loaded System Directive: org.apache.velocity.runtime.directive.Evaluate
2015-05-17 22:24:03,740 - Loaded System Directive: org.apache.velocity.runtime.directive.Evaluate
2015-05-17 22:24:03,740 - Loaded System Directive: org.apache.velocity.runtime.directive.Evaluate
2015-05-17 22:24:03,740 - Loaded System Directive: org.apache.velocity.runtime.directive.Literal
2015-05-17 22:24:03,740 - Loaded System Directive: org.apache.velocity.runtime.directive.Literal
2015-05-17 22:24:03,740 - Loaded System Directive: org.apache.velocity.runtime.directive.Literal
2015-05-17 22:24:03,740 - Loaded System Directive: org.apache.velocity.runtime.directive.Macro
2015-05-17 22:24:03,740 - Loaded System Directive: org.apache.velocity.runtime.directive.Macro
2015-05-17 22:24:03,740 - Loaded System Directive: org.apache.velocity.runtime.directive.Macro
2015-05-17 22:24:03,740 - Loaded System Directive: org.apache.velocity.runtime.directive.Parse
2015-05-17 22:24:03,740 - Loaded System Directive: org.apache.velocity.runtime.directive.Parse
2015-05-17 22:24:03,740 - Loaded System Directive: org.apache.velocity.runtime.directive.Parse
2015-05-17 22:24:03,741 - Loaded System Directive: org.apache.velocity.runtime.directive.Include
2015-05-17 22:24:03,741 - Loaded System Directive: org.apache.velocity.runtime.directive.Include
2015-05-17 22:24:03,741 - Loaded System Directive: org.apache.velocity.runtime.directive.Include
2015-05-17 22:24:03,741 - Loaded System Directive: org.apache.velocity.runtime.directive.Foreach
2015-05-17 22:24:03,741 - Loaded System Directive: org.apache.velocity.runtime.directive.Foreach
2015-05-17 22:24:03,741 - Loaded System Directive: org.apache.velocity.runtime.directive.Foreach
2015-05-17 22:24:03,742 - Created '20' parsers.
2015-05-17 22:24:03,742 - Created '20' parsers.
2015-05-17 22:24:03,742 - Created '20' parsers.
2015-05-17 22:24:03,742 - Velocimacro : "velocimacro.library" is not set.  Trying default library: VM_global_library.vm
2015-05-17 22:24:03,742 - Velocimacro : "velocimacro.library" is not set.  Trying default library: VM_global_library.vm
2015-05-17 22:24:03,742 - Velocimacro : "velocimacro.library" is not set.  Trying default library: VM_global_library.vm
2015-05-17 22:24:03,742 - Could not load resource 'VM_global_library.vm' from ResourceLoader org.apache.velocity.runtime.resource.loader.ClasspathResourceLoader: ClasspathResourceLoader Error: cannot find resource VM_global_library.vm
2015-05-17 22:24:03,742 - Could not load resource 'VM_global_library.vm' from ResourceLoader org.apache.velocity.runtime.resource.loader.ClasspathResourceLoader: ClasspathResourceLoader Error: cannot find resource VM_global_library.vm
2015-05-17 22:24:03,742 - Could not load resource 'VM_global_library.vm' from ResourceLoader org.apache.velocity.runtime.resource.loader.ClasspathResourceLoader: ClasspathResourceLoader Error: cannot find resource VM_global_library.vm
2015-05-17 22:24:03,742 - Velocimacro : Default library not found.
2015-05-17 22:24:03,742 - Velocimacro : Default library not found.
2015-05-17 22:24:03,742 - Velocimacro : Default library not found.
2015-05-17 22:24:03,742 - Velocimacro : allowInline = true : VMs can be defined inline in templates
2015-05-17 22:24:03,742 - Velocimacro : allowInline = true : VMs can be defined inline in templates
2015-05-17 22:24:03,742 - Velocimacro : allowInline = true : VMs can be defined inline in templates
2015-05-17 22:24:03,742 - Velocimacro : allowInlineToOverride = false : VMs defined inline may NOT replace previous VM definitions
2015-05-17 22:24:03,742 - Velocimacro : allowInlineToOverride = false : VMs defined inline may NOT replace previous VM definitions
2015-05-17 22:24:03,742 - Velocimacro : allowInlineToOverride = false : VMs defined inline may NOT replace previous VM definitions
2015-05-17 22:24:03,742 - Velocimacro : allowInlineLocal = false : VMs defined inline will be global in scope if allowed.
2015-05-17 22:24:03,742 - Velocimacro : allowInlineLocal = false : VMs defined inline will be global in scope if allowed.
2015-05-17 22:24:03,742 - Velocimacro : allowInlineLocal = false : VMs defined inline will be global in scope if allowed.
2015-05-17 22:24:03,742 - Velocimacro : autoload off : VM system will not automatically reload global library macros
2015-05-17 22:24:03,742 - Velocimacro : autoload off : VM system will not automatically reload global library macros
2015-05-17 22:24:03,742 - Velocimacro : autoload off : VM system will not automatically reload global library macros
2015-05-17 22:24:03,744 - ResourceManager : found ec/com/gesso/domain/resource/velocity/notifier.vm with loader org.apache.velocity.runtime.resource.loader.ClasspathResourceLoader
2015-05-17 22:24:03,744 - ResourceManager : found ec/com/gesso/domain/resource/velocity/notifier.vm with loader org.apache.velocity.runtime.resource.loader.ClasspathResourceLoader
2015-05-17 22:24:03,744 - ResourceManager : found ec/com/gesso/domain/resource/velocity/notifier.vm with loader org.apache.velocity.runtime.resource.loader.ClasspathResourceLoader
2015-05-17 22:24:03,747 - Log4JLogChute initialized using file 'velocity.log'
2015-05-17 22:24:03,747 - Log4JLogChute initialized using file 'velocity.log'
2015-05-17 22:24:03,747 - Log4JLogChute initialized using file 'velocity.log'
2015-05-17 22:24:03,747 - Log4JLogChute initialized using file 'velocity.log'
2015-05-17 22:24:03,747 - Initializing Velocity, Calling init()...
2015-05-17 22:24:03,747 - Initializing Velocity, Calling init()...
2015-05-17 22:24:03,747 - Initializing Velocity, Calling init()...
2015-05-17 22:24:03,747 - Initializing Velocity, Calling init()...
2015-05-17 22:24:03,747 - Starting Apache Velocity v1.7 (compiled: 2010-11-19 12:14:37)
2015-05-17 22:24:03,747 - Starting Apache Velocity v1.7 (compiled: 2010-11-19 12:14:37)
2015-05-17 22:24:03,747 - Starting Apache Velocity v1.7 (compiled: 2010-11-19 12:14:37)
2015-05-17 22:24:03,747 - Starting Apache Velocity v1.7 (compiled: 2010-11-19 12:14:37)
2015-05-17 22:24:03,747 - Default Properties File: org\apache\velocity\runtime\defaults\velocity.properties
2015-05-17 22:24:03,747 - Default Properties File: org\apache\velocity\runtime\defaults\velocity.properties
2015-05-17 22:24:03,747 - Default Properties File: org\apache\velocity\runtime\defaults\velocity.properties
2015-05-17 22:24:03,747 - Default Properties File: org\apache\velocity\runtime\defaults\velocity.properties
2015-05-17 22:24:03,747 - Trying to use logger class org.apache.velocity.runtime.log.AvalonLogChute
2015-05-17 22:24:03,747 - Trying to use logger class org.apache.velocity.runtime.log.AvalonLogChute
2015-05-17 22:24:03,747 - Trying to use logger class org.apache.velocity.runtime.log.AvalonLogChute
2015-05-17 22:24:03,747 - Trying to use logger class org.apache.velocity.runtime.log.AvalonLogChute
2015-05-17 22:24:03,747 - Target log system for org.apache.velocity.runtime.log.AvalonLogChute is not available (java.lang.NoClassDefFoundError: org/apache/log/format/Formatter).  Falling back to next log system...
2015-05-17 22:24:03,747 - Target log system for org.apache.velocity.runtime.log.AvalonLogChute is not available (java.lang.NoClassDefFoundError: org/apache/log/format/Formatter).  Falling back to next log system...
2015-05-17 22:24:03,747 - Target log system for org.apache.velocity.runtime.log.AvalonLogChute is not available (java.lang.NoClassDefFoundError: org/apache/log/format/Formatter).  Falling back to next log system...
2015-05-17 22:24:03,747 - Target log system for org.apache.velocity.runtime.log.AvalonLogChute is not available (java.lang.NoClassDefFoundError: org/apache/log/format/Formatter).  Falling back to next log system...
2015-05-17 22:24:03,747 - Trying to use logger class org.apache.velocity.runtime.log.Log4JLogChute
2015-05-17 22:24:03,747 - Trying to use logger class org.apache.velocity.runtime.log.Log4JLogChute
2015-05-17 22:24:03,747 - Trying to use logger class org.apache.velocity.runtime.log.Log4JLogChute
2015-05-17 22:24:03,747 - Trying to use logger class org.apache.velocity.runtime.log.Log4JLogChute
2015-05-17 22:24:03,747 - Using logger class org.apache.velocity.runtime.log.Log4JLogChute
2015-05-17 22:24:03,747 - Using logger class org.apache.velocity.runtime.log.Log4JLogChute
2015-05-17 22:24:03,747 - Using logger class org.apache.velocity.runtime.log.Log4JLogChute
2015-05-17 22:24:03,747 - Using logger class org.apache.velocity.runtime.log.Log4JLogChute
2015-05-17 22:24:03,747 - ResourceLoader instantiated: org.apache.velocity.runtime.resource.loader.ClasspathResourceLoader
2015-05-17 22:24:03,747 - ResourceLoader instantiated: org.apache.velocity.runtime.resource.loader.ClasspathResourceLoader
2015-05-17 22:24:03,747 - ResourceLoader instantiated: org.apache.velocity.runtime.resource.loader.ClasspathResourceLoader
2015-05-17 22:24:03,747 - ResourceLoader instantiated: org.apache.velocity.runtime.resource.loader.ClasspathResourceLoader
2015-05-17 22:24:03,747 - ResourceCache: initialized (class org.apache.velocity.runtime.resource.ResourceCacheImpl) with class java.util.Collections$SynchronizedMap cache map.
2015-05-17 22:24:03,747 - ResourceCache: initialized (class org.apache.velocity.runtime.resource.ResourceCacheImpl) with class java.util.Collections$SynchronizedMap cache map.
2015-05-17 22:24:03,747 - ResourceCache: initialized (class org.apache.velocity.runtime.resource.ResourceCacheImpl) with class java.util.Collections$SynchronizedMap cache map.
2015-05-17 22:24:03,747 - ResourceCache: initialized (class org.apache.velocity.runtime.resource.ResourceCacheImpl) with class java.util.Collections$SynchronizedMap cache map.
2015-05-17 22:24:03,748 - Loaded System Directive: org.apache.velocity.runtime.directive.Stop
2015-05-17 22:24:03,748 - Loaded System Directive: org.apache.velocity.runtime.directive.Stop
2015-05-17 22:24:03,748 - Loaded System Directive: org.apache.velocity.runtime.directive.Stop
2015-05-17 22:24:03,748 - Loaded System Directive: org.apache.velocity.runtime.directive.Stop
2015-05-17 22:24:03,748 - Loaded System Directive: org.apache.velocity.runtime.directive.Define
2015-05-17 22:24:03,748 - Loaded System Directive: org.apache.velocity.runtime.directive.Define
2015-05-17 22:24:03,748 - Loaded System Directive: org.apache.velocity.runtime.directive.Define
2015-05-17 22:24:03,748 - Loaded System Directive: org.apache.velocity.runtime.directive.Define
2015-05-17 22:24:03,748 - Loaded System Directive: org.apache.velocity.runtime.directive.Break
2015-05-17 22:24:03,748 - Loaded System Directive: org.apache.velocity.runtime.directive.Break
2015-05-17 22:24:03,748 - Loaded System Directive: org.apache.velocity.runtime.directive.Break
2015-05-17 22:24:03,748 - Loaded System Directive: org.apache.velocity.runtime.directive.Break
2015-05-17 22:24:03,748 - Loaded System Directive: org.apache.velocity.runtime.directive.Evaluate
2015-05-17 22:24:03,748 - Loaded System Directive: org.apache.velocity.runtime.directive.Evaluate
2015-05-17 22:24:03,748 - Loaded System Directive: org.apache.velocity.runtime.directive.Evaluate
2015-05-17 22:24:03,748 - Loaded System Directive: org.apache.velocity.runtime.directive.Evaluate
2015-05-17 22:24:03,748 - Loaded System Directive: org.apache.velocity.runtime.directive.Literal
2015-05-17 22:24:03,748 - Loaded System Directive: org.apache.velocity.runtime.directive.Literal
2015-05-17 22:24:03,748 - Loaded System Directive: org.apache.velocity.runtime.directive.Literal
2015-05-17 22:24:03,748 - Loaded System Directive: org.apache.velocity.runtime.directive.Literal
2015-05-17 22:24:03,748 - Loaded System Directive: org.apache.velocity.runtime.directive.Macro
2015-05-17 22:24:03,748 - Loaded System Directive: org.apache.velocity.runtime.directive.Macro
2015-05-17 22:24:03,748 - Loaded System Directive: org.apache.velocity.runtime.directive.Macro
2015-05-17 22:24:03,748 - Loaded System Directive: org.apache.velocity.runtime.directive.Macro
2015-05-17 22:24:03,748 - Loaded System Directive: org.apache.velocity.runtime.directive.Parse
2015-05-17 22:24:03,748 - Loaded System Directive: org.apache.velocity.runtime.directive.Parse
2015-05-17 22:24:03,748 - Loaded System Directive: org.apache.velocity.runtime.directive.Parse
2015-05-17 22:24:03,748 - Loaded System Directive: org.apache.velocity.runtime.directive.Parse
2015-05-17 22:24:03,748 - Loaded System Directive: org.apache.velocity.runtime.directive.Include
2015-05-17 22:24:03,748 - Loaded System Directive: org.apache.velocity.runtime.directive.Include
2015-05-17 22:24:03,748 - Loaded System Directive: org.apache.velocity.runtime.directive.Include
2015-05-17 22:24:03,748 - Loaded System Directive: org.apache.velocity.runtime.directive.Include
2015-05-17 22:24:03,749 - Loaded System Directive: org.apache.velocity.runtime.directive.Foreach
2015-05-17 22:24:03,749 - Loaded System Directive: org.apache.velocity.runtime.directive.Foreach
2015-05-17 22:24:03,749 - Loaded System Directive: org.apache.velocity.runtime.directive.Foreach
2015-05-17 22:24:03,749 - Loaded System Directive: org.apache.velocity.runtime.directive.Foreach
2015-05-17 22:24:03,750 - Created '20' parsers.
2015-05-17 22:24:03,750 - Created '20' parsers.
2015-05-17 22:24:03,750 - Created '20' parsers.
2015-05-17 22:24:03,750 - Created '20' parsers.
2015-05-17 22:24:03,750 - Velocimacro : "velocimacro.library" is not set.  Trying default library: VM_global_library.vm
2015-05-17 22:24:03,750 - Velocimacro : "velocimacro.library" is not set.  Trying default library: VM_global_library.vm
2015-05-17 22:24:03,750 - Velocimacro : "velocimacro.library" is not set.  Trying default library: VM_global_library.vm
2015-05-17 22:24:03,750 - Velocimacro : "velocimacro.library" is not set.  Trying default library: VM_global_library.vm
2015-05-17 22:24:03,750 - Could not load resource 'VM_global_library.vm' from ResourceLoader org.apache.velocity.runtime.resource.loader.ClasspathResourceLoader: ClasspathResourceLoader Error: cannot find resource VM_global_library.vm
2015-05-17 22:24:03,750 - Could not load resource 'VM_global_library.vm' from ResourceLoader org.apache.velocity.runtime.resource.loader.ClasspathResourceLoader: ClasspathResourceLoader Error: cannot find resource VM_global_library.vm
2015-05-17 22:24:03,750 - Could not load resource 'VM_global_library.vm' from ResourceLoader org.apache.velocity.runtime.resource.loader.ClasspathResourceLoader: ClasspathResourceLoader Error: cannot find resource VM_global_library.vm
2015-05-17 22:24:03,750 - Could not load resource 'VM_global_library.vm' from ResourceLoader org.apache.velocity.runtime.resource.loader.ClasspathResourceLoader: ClasspathResourceLoader Error: cannot find resource VM_global_library.vm
2015-05-17 22:24:03,750 - Velocimacro : Default library not found.
2015-05-17 22:24:03,750 - Velocimacro : Default library not found.
2015-05-17 22:24:03,750 - Velocimacro : Default library not found.
2015-05-17 22:24:03,750 - Velocimacro : Default library not found.
2015-05-17 22:24:03,750 - Velocimacro : allowInline = true : VMs can be defined inline in templates
2015-05-17 22:24:03,750 - Velocimacro : allowInline = true : VMs can be defined inline in templates
2015-05-17 22:24:03,750 - Velocimacro : allowInline = true : VMs can be defined inline in templates
2015-05-17 22:24:03,750 - Velocimacro : allowInline = true : VMs can be defined inline in templates
2015-05-17 22:24:03,750 - Velocimacro : allowInlineToOverride = false : VMs defined inline may NOT replace previous VM definitions
2015-05-17 22:24:03,750 - Velocimacro : allowInlineToOverride = false : VMs defined inline may NOT replace previous VM definitions
2015-05-17 22:24:03,750 - Velocimacro : allowInlineToOverride = false : VMs defined inline may NOT replace previous VM definitions
2015-05-17 22:24:03,750 - Velocimacro : allowInlineToOverride = false : VMs defined inline may NOT replace previous VM definitions
2015-05-17 22:24:03,750 - Velocimacro : allowInlineLocal = false : VMs defined inline will be global in scope if allowed.
2015-05-17 22:24:03,750 - Velocimacro : allowInlineLocal = false : VMs defined inline will be global in scope if allowed.
2015-05-17 22:24:03,750 - Velocimacro : allowInlineLocal = false : VMs defined inline will be global in scope if allowed.
2015-05-17 22:24:03,750 - Velocimacro : allowInlineLocal = false : VMs defined inline will be global in scope if allowed.
2015-05-17 22:24:03,750 - Velocimacro : autoload off : VM system will not automatically reload global library macros
2015-05-17 22:24:03,750 - Velocimacro : autoload off : VM system will not automatically reload global library macros
2015-05-17 22:24:03,750 - Velocimacro : autoload off : VM system will not automatically reload global library macros
2015-05-17 22:24:03,750 - Velocimacro : autoload off : VM system will not automatically reload global library macros
2015-05-17 22:24:03,752 - ResourceManager : found ec/com/gesso/domain/resource/velocity/notifier.vm with loader org.apache.velocity.runtime.resource.loader.ClasspathResourceLoader
2015-05-17 22:24:03,752 - ResourceManager : found ec/com/gesso/domain/resource/velocity/notifier.vm with loader org.apache.velocity.runtime.resource.loader.ClasspathResourceLoader
2015-05-17 22:24:03,752 - ResourceManager : found ec/com/gesso/domain/resource/velocity/notifier.vm with loader org.apache.velocity.runtime.resource.loader.ClasspathResourceLoader
2015-05-17 22:24:03,752 - ResourceManager : found ec/com/gesso/domain/resource/velocity/notifier.vm with loader org.apache.velocity.runtime.resource.loader.ClasspathResourceLoader
